2016-08-09 9:45:19 - MOD: Modification Default
FILE: system/engine/action.php
REGEX: ~(require|include)(_once)?\(([^)]+)~
LINE: 39
FILE: system/engine/loader.php
REGEX: ~(require|include)(_once)?\(([^)]+)~
LINE: 20
LINE: 59
LINE: 80
LINE: 99
FILE: system/library/config.php
REGEX: ~(require|include)(_once)?\(([^)]+)~
LINE: 23
FILE: system/library/language.php
REGEX: ~(require|include)(_once)?\(([^)]+)~
LINE: 25
LINE: 31
----------------------------------------------------------------
MOD: Shows filter of products without select category
FILE: catalog/model/catalog/category.php
CODE: $query = $this->db->query("SELECT filter_id FROM " . DB_PREFIX . "category_filter WHERE category_id = '" . (int)$category_id . "'");
LINE: 17
----------------------------------------------------------------
MOD: Viethemes - Maintenance Modification Hotfix
FILE: admin/controller/extension/modification.php
CODE: $this->model_setting_setting->editSettingValue('config', 'config_maintenance', true);
LINE: 67
----------------------------------------------------------------
2016-08-09 10:00:27 - MOD: Modification Default
FILE: system/engine/action.php
REGEX: ~(require|include)(_once)?\(([^)]+)~
LINE: 39
FILE: system/engine/loader.php
REGEX: ~(require|include)(_once)?\(([^)]+)~
LINE: 20
LINE: 59
LINE: 80
LINE: 99
FILE: system/library/config.php
REGEX: ~(require|include)(_once)?\(([^)]+)~
LINE: 23
FILE: system/library/language.php
REGEX: ~(require|include)(_once)?\(([^)]+)~
LINE: 25
LINE: 31
----------------------------------------------------------------
MOD: Shows filter of products without select category
FILE: catalog/model/catalog/category.php
CODE: $query = $this->db->query("SELECT filter_id FROM " . DB_PREFIX . "category_filter WHERE category_id = '" . (int)$category_id . "'");
LINE: 17
----------------------------------------------------------------
MOD: Viethemes - Maintenance Modification Hotfix
FILE: admin/controller/extension/modification.php
CODE: $this->model_setting_setting->editSettingValue('config', 'config_maintenance', true);
LINE: 67
----------------------------------------------------------------
2016-08-09 18:44:46 - MOD: Modification Default
FILE: system/engine/action.php
REGEX: ~(require|include)(_once)?\(([^)]+)~
LINE: 39
FILE: system/engine/loader.php
REGEX: ~(require|include)(_once)?\(([^)]+)~
LINE: 20
LINE: 59
LINE: 80
LINE: 99
FILE: system/library/config.php
REGEX: ~(require|include)(_once)?\(([^)]+)~
LINE: 23
FILE: system/library/language.php
REGEX: ~(require|include)(_once)?\(([^)]+)~
LINE: 25
LINE: 31
----------------------------------------------------------------
MOD: Shows filter of products without select category
FILE: catalog/model/catalog/category.php
CODE: $query = $this->db->query("SELECT filter_id FROM " . DB_PREFIX . "category_filter WHERE category_id = '" . (int)$category_id . "'");
LINE: 17
----------------------------------------------------------------
MOD: Main modification for shop
REGEX: ~public function __construct\(\$route, \$args \= array\(\)\) \{
		\$parts \= explode\('/', str_replace\('\.\./', '', \(string\)\$route\)\);

		// Break apart the route
		while \(\$parts\) \{
			\$file \= DIR_APPLICATION \. 'controller/' \. implode\('/', \$parts\) \. '\.php';

			if \(is_file\(\$file\)\) \{
				\$this\-\>file \= \$file;

				\$this\-\>class \= 'Controller' \. preg_replace\('/\[\^a\-zA\-Z0\-9\]/', '', implode\('/', \$parts\)\);
				break;
			\} else \{
				\$this\-\>method \= array_pop\(\$parts\);
			\}
		\}

		if \(\!\$this\-\>method\) \{
			\$this\-\>method \= 'index';
		\}

		\$this\-\>args \= \$args;
	\}~
LINE: 8
----------------------------------------------------------------
MOD: Viethemes - Maintenance Modification Hotfix
FILE: admin/controller/extension/modification.php
CODE: $this->model_setting_setting->editSettingValue('config', 'config_maintenance', true);
LINE: 67
----------------------------------------------------------------
2016-08-09 18:49:57 - MOD: Modification Default
FILE: system/engine/action.php
REGEX: ~(require|include)(_once)?\(([^)]+)~
LINE: 39
FILE: system/engine/loader.php
REGEX: ~(require|include)(_once)?\(([^)]+)~
LINE: 20
LINE: 59
LINE: 80
LINE: 99
FILE: system/library/config.php
REGEX: ~(require|include)(_once)?\(([^)]+)~
LINE: 23
FILE: system/library/language.php
REGEX: ~(require|include)(_once)?\(([^)]+)~
LINE: 25
LINE: 31
----------------------------------------------------------------
MOD: Shows filter of products without select category
FILE: catalog/model/catalog/category.php
CODE: $query = $this->db->query("SELECT filter_id FROM " . DB_PREFIX . "category_filter WHERE category_id = '" . (int)$category_id . "'");
LINE: 17
----------------------------------------------------------------
MOD: Main modification for shop
REGEX: ~public function __construct\(\$route, \$args \= array\(\)\) \{
		\$parts \= explode\('/', str_replace\('\.\./', '', \(string\)\$route\)\);

		// Break apart the route
		while \(\$parts\) \{
			\$file \= DIR_APPLICATION \. 'controller/' \. implode\('/', \$parts\) \. '\.php';

			if \(is_file\(\$file\)\) \{
				\$this\-\>file \= \$file;

				\$this\-\>class \= 'Controller' \. preg_replace\('/\[\^a\-zA\-Z0\-9\]/', '', implode\('/', \$parts\)\);
				break;
			\} else \{
				\$this\-\>method \= array_pop\(\$parts\);
			\}
		\}

		if \(\!\$this\-\>method\) \{
			\$this\-\>method \= 'index';
		\}

		\$this\-\>args \= \$args;
	\}~
LINE: 8
----------------------------------------------------------------
MOD: Viethemes - Maintenance Modification Hotfix
FILE: admin/controller/extension/modification.php
CODE: $this->model_setting_setting->editSettingValue('config', 'config_maintenance', true);
LINE: 67
----------------------------------------------------------------
2016-08-10 16:48:44 - MOD: Modification Default
FILE: system/engine/action.php
REGEX: ~(require|include)(_once)?\(([^)]+)~
LINE: 39
FILE: system/engine/loader.php
REGEX: ~(require|include)(_once)?\(([^)]+)~
LINE: 20
LINE: 59
LINE: 80
LINE: 99
FILE: system/library/config.php
REGEX: ~(require|include)(_once)?\(([^)]+)~
LINE: 23
FILE: system/library/language.php
REGEX: ~(require|include)(_once)?\(([^)]+)~
LINE: 25
LINE: 31
----------------------------------------------------------------
MOD: Shows filter of products without select category
FILE: catalog/model/catalog/category.php
CODE: $query = $this->db->query("SELECT filter_id FROM " . DB_PREFIX . "category_filter WHERE category_id = '" . (int)$category_id . "'");
LINE: 17
----------------------------------------------------------------
MOD: Main modification for shop
REGEX: ~public function __construct\(\$route, \$args \= array\(\)\) \{
		\$parts \= explode\('/', str_replace\('\.\./', '', \(string\)\$route\)\);

		// Break apart the route
		while \(\$parts\) \{
			\$file \= DIR_APPLICATION \. 'controller/' \. implode\('/', \$parts\) \. '\.php';

			if \(is_file\(\$file\)\) \{
				\$this\-\>file \= \$file;

				\$this\-\>class \= 'Controller' \. preg_replace\('/\[\^a\-zA\-Z0\-9\]/', '', implode\('/', \$parts\)\);
				break;
			\} else \{
				\$this\-\>method \= array_pop\(\$parts\);
			\}
		\}

		if \(\!\$this\-\>method\) \{
			\$this\-\>method \= 'index';
		\}

		\$this\-\>args \= \$args;
	\}~
LINE: 8
FILE: catalog/controller/account/newsletter.php
NOT FOUND!
----------------------------------------------------------------
MOD: Viethemes - Maintenance Modification Hotfix
FILE: admin/controller/extension/modification.php
CODE: $this->model_setting_setting->editSettingValue('config', 'config_maintenance', true);
LINE: 67
----------------------------------------------------------------
2016-08-10 16:51:11 - MOD: Modification Default
FILE: system/engine/action.php
REGEX: ~(require|include)(_once)?\(([^)]+)~
LINE: 39
FILE: system/engine/loader.php
REGEX: ~(require|include)(_once)?\(([^)]+)~
LINE: 20
LINE: 59
LINE: 80
LINE: 99
FILE: system/library/config.php
REGEX: ~(require|include)(_once)?\(([^)]+)~
LINE: 23
FILE: system/library/language.php
REGEX: ~(require|include)(_once)?\(([^)]+)~
LINE: 25
LINE: 31
----------------------------------------------------------------
MOD: Shows filter of products without select category
FILE: catalog/model/catalog/category.php
CODE: $query = $this->db->query("SELECT filter_id FROM " . DB_PREFIX . "category_filter WHERE category_id = '" . (int)$category_id . "'");
LINE: 17
----------------------------------------------------------------
MOD: Main modification for shop
REGEX: ~public function __construct\(\$route, \$args \= array\(\)\) \{
		\$parts \= explode\('/', str_replace\('\.\./', '', \(string\)\$route\)\);

		// Break apart the route
		while \(\$parts\) \{
			\$file \= DIR_APPLICATION \. 'controller/' \. implode\('/', \$parts\) \. '\.php';

			if \(is_file\(\$file\)\) \{
				\$this\-\>file \= \$file;

				\$this\-\>class \= 'Controller' \. preg_replace\('/\[\^a\-zA\-Z0\-9\]/', '', implode\('/', \$parts\)\);
				break;
			\} else \{
				\$this\-\>method \= array_pop\(\$parts\);
			\}
		\}

		if \(\!\$this\-\>method\) \{
			\$this\-\>method \= 'index';
		\}

		\$this\-\>args \= \$args;
	\}~
LINE: 8
FILE: catalog/controller/account/newsletter.php
REGEX: ~if \(\!\$this\-\>customer\-\>isLogged\(\)\) \{
			\$this\-\>session\-\>data\['redirect'\] \= \$this\-\>url\-\>link\('account/newsletter', '', 'SSL'\);

			\$this\-\>response\-\>redirect\(\$this\-\>url\-\>link\('account/login', '', 'SSL'\)\);
		\}~
LINE: 4
----------------------------------------------------------------
MOD: Viethemes - Maintenance Modification Hotfix
FILE: admin/controller/extension/modification.php
CODE: $this->model_setting_setting->editSettingValue('config', 'config_maintenance', true);
LINE: 67
----------------------------------------------------------------
2016-08-10 17:15:58 - MOD: Modification Default
FILE: system/engine/action.php
REGEX: ~(require|include)(_once)?\(([^)]+)~
LINE: 39
FILE: system/engine/loader.php
REGEX: ~(require|include)(_once)?\(([^)]+)~
LINE: 20
LINE: 59
LINE: 80
LINE: 99
FILE: system/library/config.php
REGEX: ~(require|include)(_once)?\(([^)]+)~
LINE: 23
FILE: system/library/language.php
REGEX: ~(require|include)(_once)?\(([^)]+)~
LINE: 25
LINE: 31
----------------------------------------------------------------
MOD: Shows filter of products without select category
FILE: catalog/model/catalog/category.php
CODE: $query = $this->db->query("SELECT filter_id FROM " . DB_PREFIX . "category_filter WHERE category_id = '" . (int)$category_id . "'");
LINE: 17
----------------------------------------------------------------
MOD: Main modification for shop
REGEX: ~public function __construct\(\$route, \$args \= array\(\)\) \{
		\$parts \= explode\('/', str_replace\('\.\./', '', \(string\)\$route\)\);

		// Break apart the route
		while \(\$parts\) \{
			\$file \= DIR_APPLICATION \. 'controller/' \. implode\('/', \$parts\) \. '\.php';

			if \(is_file\(\$file\)\) \{
				\$this\-\>file \= \$file;

				\$this\-\>class \= 'Controller' \. preg_replace\('/\[\^a\-zA\-Z0\-9\]/', '', implode\('/', \$parts\)\);
				break;
			\} else \{
				\$this\-\>method \= array_pop\(\$parts\);
			\}
		\}

		if \(\!\$this\-\>method\) \{
			\$this\-\>method \= 'index';
		\}

		\$this\-\>args \= \$args;
	\}~
LINE: 8
FILE: catalog/controller/account/newsletter.php
REGEX: ~if \(\!\$this\-\>customer\-\>isLogged\(\)\) \{
			\$this\-\>session\-\>data\['redirect'\] \= \$this\-\>url\-\>link\('account/newsletter', '', 'SSL'\);

			\$this\-\>response\-\>redirect\(\$this\-\>url\-\>link\('account/login', '', 'SSL'\)\);
		\}~
LINE: 4
FILE: catalog/controller/common/footer.php
REGEX: ~foreach \(\$this\-\>model_catalog_information\-\>getInformations\(\) as \$result\) \{
			if \(\$result\['bottom'\]\) \{
				\$data\['informations'\]\[\] \= array\(
					'title' \=\> \$result\['title'\],
					'href'  \=\> \$this\-\>url\-\>link\('information/information', 'information_id\=' \. \$result\['information_id'\]\)
				\);
			\}
		\}~
LINE: 27
----------------------------------------------------------------
MOD: Viethemes - Maintenance Modification Hotfix
FILE: admin/controller/extension/modification.php
CODE: $this->model_setting_setting->editSettingValue('config', 'config_maintenance', true);
LINE: 67
----------------------------------------------------------------
